m:\year 4\advanced game technologies\ar_app\build\vs2017\psvita\debug\gef.a
m:\year 4\advanced game technologies\gef_abertay\build\vs2017\psvita\debug\animation.o
m:\year 4\advanced game technologies\gef_abertay\build\vs2017\psvita\debug\joint.o
m:\year 4\advanced game technologies\gef_abertay\build\vs2017\psvita\debug\skeleton.o
m:\year 4\advanced game technologies\gef_abertay\build\vs2017\psvita\debug\obj_loader.o
m:\year 4\advanced game technologies\gef_abertay\build\vs2017\psvita\debug\png_loader.o
m:\year 4\advanced game technologies\gef_abertay\build\vs2017\psvita\debug\audio_manager.o
m:\year 4\advanced game technologies\gef_abertay\build\vs2017\psvita\debug\colour.o
m:\year 4\advanced game technologies\gef_abertay\build\vs2017\psvita\debug\default_3d_shader.o
m:\year 4\advanced game technologies\gef_abertay\build\vs2017\psvita\debug\default_3d_shader_data.o
m:\year 4\advanced game technologies\gef_abertay\build\vs2017\psvita\debug\default_3d_skinning_shader.o
m:\year 4\advanced game technologies\gef_abertay\build\vs2017\psvita\debug\default_sprite_shader.o
m:\year 4\advanced game technologies\gef_abertay\build\vs2017\psvita\debug\depth_buffer.o
m:\year 4\advanced game technologies\gef_abertay\build\vs2017\psvita\debug\font.o
m:\year 4\advanced game technologies\gef_abertay\build\vs2017\psvita\debug\image_data.o
m:\year 4\advanced game technologies\gef_abertay\build\vs2017\psvita\debug\index_buffer.o
m:\year 4\advanced game technologies\gef_abertay\build\vs2017\psvita\debug\material.o
m:\year 4\advanced game technologies\gef_abertay\build\vs2017\psvita\debug\mesh.o
m:\year 4\advanced game technologies\gef_abertay\build\vs2017\psvita\debug\mesh_data.o
m:\year 4\advanced game technologies\gef_abertay\build\vs2017\psvita\debug\mesh_instance.o
m:\year 4\advanced game technologies\gef_abertay\build\vs2017\psvita\debug\model.o
m:\year 4\advanced game technologies\gef_abertay\build\vs2017\psvita\debug\primitive.o
m:\year 4\advanced game technologies\gef_abertay\build\vs2017\psvita\debug\renderer_3d.o
m:\year 4\advanced game technologies\gef_abertay\build\vs2017\psvita\debug\render_target.o
m:\year 4\advanced game technologies\gef_abertay\build\vs2017\psvita\debug\scene.o
m:\year 4\advanced game technologies\gef_abertay\build\vs2017\psvita\debug\shader.o
m:\year 4\advanced game technologies\gef_abertay\build\vs2017\psvita\debug\shader_interface.o
m:\year 4\advanced game technologies\gef_abertay\build\vs2017\psvita\debug\skinned_mesh_instance.o
m:\year 4\advanced game technologies\gef_abertay\build\vs2017\psvita\debug\skinned_mesh_shader_data.o
m:\year 4\advanced game technologies\gef_abertay\build\vs2017\psvita\debug\sprite.o
m:\year 4\advanced game technologies\gef_abertay\build\vs2017\psvita\debug\sprite_renderer.o
m:\year 4\advanced game technologies\gef_abertay\build\vs2017\psvita\debug\texture.o
m:\year 4\advanced game technologies\gef_abertay\build\vs2017\psvita\debug\vertex_buffer.o
m:\year 4\advanced game technologies\gef_abertay\build\vs2017\psvita\debug\input_manager.o
m:\year 4\advanced game technologies\gef_abertay\build\vs2017\psvita\debug\keyboard.o
m:\year 4\advanced game technologies\gef_abertay\build\vs2017\psvita\debug\sony_controller_input_manager.o
m:\year 4\advanced game technologies\gef_abertay\build\vs2017\psvita\debug\touch_input_manager.o
m:\year 4\advanced game technologies\gef_abertay\build\vs2017\psvita\debug\aabb.o
m:\year 4\advanced game technologies\gef_abertay\build\vs2017\psvita\debug\frustum.o
m:\year 4\advanced game technologies\gef_abertay\build\vs2017\psvita\debug\matrix33.o
m:\year 4\advanced game technologies\gef_abertay\build\vs2017\psvita\debug\matrix44.o
m:\year 4\advanced game technologies\gef_abertay\build\vs2017\psvita\debug\plane.o
m:\year 4\advanced game technologies\gef_abertay\build\vs2017\psvita\debug\quaternion.o
m:\year 4\advanced game technologies\gef_abertay\build\vs2017\psvita\debug\sphere.o
m:\year 4\advanced game technologies\gef_abertay\build\vs2017\psvita\debug\transform.o
m:\year 4\advanced game technologies\gef_abertay\build\vs2017\psvita\debug\vector2.o
m:\year 4\advanced game technologies\gef_abertay\build\vs2017\psvita\debug\vector4.o
m:\year 4\advanced game technologies\gef_abertay\build\vs2017\psvita\debug\application.o
m:\year 4\advanced game technologies\gef_abertay\build\vs2017\psvita\debug\crc.o
m:\year 4\advanced game technologies\gef_abertay\build\vs2017\psvita\debug\file.o
m:\year 4\advanced game technologies\gef_abertay\build\vs2017\psvita\debug\memory_stream_buffer.o
m:\year 4\advanced game technologies\gef_abertay\build\vs2017\psvita\debug\platform.o
m:\year 4\advanced game technologies\gef_abertay\build\vs2017\psvita\debug\string_id.o
m:\year 4\advanced game technologies\gef_abertay\build\vs2017\psvita\debug\gef.tlog\psp2snarl.command.1.tlog
m:\year 4\advanced game technologies\gef_abertay\build\vs2017\psvita\debug\gef.tlog\psp2snarl.read.1.tlog
m:\year 4\advanced game technologies\gef_abertay\build\vs2017\psvita\debug\gef.tlog\psp2snarl.write.1.tlog
m:\year 4\advanced game technologies\gef_abertay\build\vs2017\psvita\debug\gef.tlog\psp2snc.command.1.tlog
m:\year 4\advanced game technologies\gef_abertay\build\vs2017\psvita\debug\gef.tlog\psp2snc.read.1.tlog
m:\year 4\advanced game technologies\gef_abertay\build\vs2017\psvita\debug\gef.tlog\psp2snc.write.1.tlog
