  Vector3.cpp
m:\year2\graphics programming\source\graphicsprogramming\vector3.cpp(30): warning C4244: 'return': conversion from 'double' to 'float', possible loss of data
m:\year2\graphics programming\source\graphicsprogramming\vector3.cpp(111): warning C4552: '*': operator has no effect; expected operator with side-effect
m:\year2\graphics programming\source\graphicsprogramming\vector3.cpp(112): warning C4552: '*': operator has no effect; expected operator with side-effect
m:\year2\graphics programming\source\graphicsprogramming\vector3.cpp(113): warning C4552: '*': operator has no effect; expected operator with side-effect
  Shape.cpp
m:\year2\graphics programming\source\graphicsprogramming\shape.cpp(200): warning C4244: 'argument': conversion from 'float' to 'GLsizei', possible loss of data
  Scene.cpp
m:\year2\graphics programming\source\graphicsprogramming\scene.cpp(109): warning C4244: 'argument': conversion from 'int' to 'float', possible loss of data
m:\year2\graphics programming\source\graphicsprogramming\scene.cpp(110): warning C4244: 'argument': conversion from 'int' to 'float', possible loss of data
m:\year2\graphics programming\source\graphicsprogramming\scene.cpp(284): warning C4305: 'argument': truncation from 'double' to 'GLfloat'
m:\year2\graphics programming\source\graphicsprogramming\scene.cpp(297): warning C4244: 'argument': conversion from 'int' to 'GLfloat', possible loss of data
m:\year2\graphics programming\source\graphicsprogramming\scene.cpp(364): warning C4305: 'argument': truncation from 'double' to 'GLfloat'
m:\year2\graphics programming\source\graphicsprogramming\scene.cpp(371): warning C4305: 'argument': truncation from 'double' to 'GLfloat'
m:\year2\graphics programming\source\graphicsprogramming\scene.cpp(373): warning C4305: 'argument': truncation from 'double' to 'GLfloat'
m:\year2\graphics programming\source\graphicsprogramming\scene.cpp(375): warning C4244: 'argument': conversion from 'int' to 'GLfloat', possible loss of data
m:\year2\graphics programming\source\graphicsprogramming\scene.cpp(379): warning C4305: 'argument': truncation from 'double' to 'GLfloat'
m:\year2\graphics programming\source\graphicsprogramming\scene.cpp(380): warning C4244: 'argument': conversion from 'int' to 'GLfloat', possible loss of data
m:\year2\graphics programming\source\graphicsprogramming\scene.cpp(386): warning C4305: 'argument': truncation from 'double' to 'GLfloat'
m:\year2\graphics programming\source\graphicsprogramming\scene.cpp(387): warning C4244: 'argument': conversion from 'int' to 'GLfloat', possible loss of data
m:\year2\graphics programming\source\graphicsprogramming\scene.cpp(393): warning C4305: 'argument': truncation from 'double' to 'GLfloat'
m:\year2\graphics programming\source\graphicsprogramming\scene.cpp(394): warning C4244: 'argument': conversion from 'int' to 'GLfloat', possible loss of data
m:\year2\graphics programming\source\graphicsprogramming\scene.cpp(400): warning C4305: 'argument': truncation from 'double' to 'GLfloat'
m:\year2\graphics programming\source\graphicsprogramming\scene.cpp(401): warning C4244: 'argument': conversion from 'int' to 'GLfloat', possible loss of data
m:\year2\graphics programming\source\graphicsprogramming\scene.cpp(407): warning C4305: 'argument': truncation from 'double' to 'GLfloat'
m:\year2\graphics programming\source\graphicsprogramming\scene.cpp(409): warning C4244: 'argument': conversion from 'int' to 'GLfloat', possible loss of data
m:\year2\graphics programming\source\graphicsprogramming\scene.cpp(413): warning C4305: 'argument': truncation from 'double' to 'GLfloat'
m:\year2\graphics programming\source\graphicsprogramming\scene.cpp(414): warning C4244: 'argument': conversion from 'int' to 'GLfloat', possible loss of data
m:\year2\graphics programming\source\graphicsprogramming\scene.cpp(420): warning C4305: 'argument': truncation from 'double' to 'GLfloat'
m:\year2\graphics programming\source\graphicsprogramming\scene.cpp(421): warning C4244: 'argument': conversion from 'int' to 'GLfloat', possible loss of data
m:\year2\graphics programming\source\graphicsprogramming\scene.cpp(427): warning C4305: 'argument': truncation from 'double' to 'GLfloat'
m:\year2\graphics programming\source\graphicsprogramming\scene.cpp(428): warning C4244: 'argument': conversion from 'int' to 'GLfloat', possible loss of data
m:\year2\graphics programming\source\graphicsprogramming\scene.cpp(434): warning C4305: 'argument': truncation from 'double' to 'GLfloat'
m:\year2\graphics programming\source\graphicsprogramming\scene.cpp(435): warning C4244: 'argument': conversion from 'int' to 'GLfloat', possible loss of data
m:\year2\graphics programming\source\graphicsprogramming\scene.cpp(445): warning C4305: 'argument': truncation from 'double' to 'float'
m:\year2\graphics programming\source\graphicsprogramming\scene.cpp(446): warning C4305: 'argument': truncation from 'double' to 'float'
m:\year2\graphics programming\source\graphicsprogramming\scene.cpp(447): warning C4305: 'argument': truncation from 'double' to 'float'
m:\year2\graphics programming\source\graphicsprogramming\scene.cpp(448): warning C4305: 'argument': truncation from 'double' to 'float'
m:\year2\graphics programming\source\graphicsprogramming\scene.cpp(449): warning C4305: 'argument': truncation from 'double' to 'float'
m:\year2\graphics programming\source\graphicsprogramming\scene.cpp(450): warning C4305: 'argument': truncation from 'double' to 'float'
m:\year2\graphics programming\source\graphicsprogramming\scene.cpp(451): warning C4305: 'argument': truncation from 'double' to 'float'
m:\year2\graphics programming\source\graphicsprogramming\scene.cpp(452): warning C4305: 'argument': truncation from 'double' to 'float'
m:\year2\graphics programming\source\graphicsprogramming\scene.cpp(453): warning C4305: 'argument': truncation from 'double' to 'float'
m:\year2\graphics programming\source\graphicsprogramming\scene.cpp(454): warning C4305: 'argument': truncation from 'double' to 'float'
m:\year2\graphics programming\source\graphicsprogramming\scene.cpp(455): warning C4305: 'argument': truncation from 'double' to 'float'
m:\year2\graphics programming\source\graphicsprogramming\scene.cpp(456): warning C4305: 'argument': truncation from 'double' to 'float'
m:\year2\graphics programming\source\graphicsprogramming\scene.cpp(462): warning C4305: 'argument': truncation from 'double' to 'GLfloat'
m:\year2\graphics programming\source\graphicsprogramming\scene.cpp(463): warning C4305: 'argument': truncation from 'double' to 'GLfloat'
m:\year2\graphics programming\source\graphicsprogramming\scene.cpp(471): warning C4305: 'argument': truncation from 'double' to 'GLfloat'
m:\year2\graphics programming\source\graphicsprogramming\scene.cpp(472): warning C4305: 'argument': truncation from 'double' to 'GLfloat'
m:\year2\graphics programming\source\graphicsprogramming\scene.cpp(547): warning C4244: 'argument': conversion from 'int' to 'GLfloat', possible loss of data
m:\year2\graphics programming\source\graphicsprogramming\scene.cpp(548): warning C4305: 'argument': truncation from 'double' to 'GLfloat'
  Model.cpp
m:\year2\graphics programming\source\graphicsprogramming\model.cpp(118): warning C4018: '<': signed/unsigned mismatch
m:\year2\graphics programming\source\graphicsprogramming\model.cpp(125): warning C4018: '<': signed/unsigned mismatch
m:\year2\graphics programming\source\graphicsprogramming\model.cpp(132): warning C4018: '<': signed/unsigned mismatch
  Main.cpp
  Input.cpp
  camera.cpp
m:\year2\graphics programming\source\graphicsprogramming\camera.cpp(9): warning C4305: '=': truncation from 'double' to 'float'
m:\year2\graphics programming\source\graphicsprogramming\camera.cpp(28): warning C4244: 'argument': conversion from 'double' to 'float', possible loss of data
m:\year2\graphics programming\source\graphicsprogramming\camera.cpp(29): warning C4244: 'argument': conversion from 'double' to 'float', possible loss of data
m:\year2\graphics programming\source\graphicsprogramming\camera.cpp(30): warning C4244: 'argument': conversion from 'double' to 'float', possible loss of data
m:\year2\graphics programming\source\graphicsprogramming\camera.cpp(31): warning C4244: 'argument': conversion from 'double' to 'float', possible loss of data
m:\year2\graphics programming\source\graphicsprogramming\camera.cpp(32): warning C4244: 'argument': conversion from 'double' to 'float', possible loss of data
m:\year2\graphics programming\source\graphicsprogramming\camera.cpp(33): warning C4244: 'argument': conversion from 'double' to 'float', possible loss of data
m:\year2\graphics programming\source\graphicsprogramming\camera.cpp(140): warning C4244: '+=': conversion from 'double' to 'float', possible loss of data
m:\year2\graphics programming\source\graphicsprogramming\camera.cpp(153): warning C4244: '+=': conversion from 'double' to 'float', possible loss of data
  Generating Code...
SOIL.lib(image_DXT.obj) : warning LNK4099: PDB 'vc120.pdb' was not found with 'SOIL.lib(image_DXT.obj)' or at 'M:\year2\graphics programming\source\Debug\vc120.pdb'; linking object as if no debug info
SOIL.lib(image_helper.obj) : warning LNK4099: PDB 'vc120.pdb' was not found with 'SOIL.lib(image_helper.obj)' or at 'M:\year2\graphics programming\source\Debug\vc120.pdb'; linking object as if no debug info
SOIL.lib(SOIL.obj) : warning LNK4099: PDB 'vc120.pdb' was not found with 'SOIL.lib(SOIL.obj)' or at 'M:\year2\graphics programming\source\Debug\vc120.pdb'; linking object as if no debug info
SOIL.lib(stb_image_aug.obj) : warning LNK4099: PDB 'vc120.pdb' was not found with 'SOIL.lib(stb_image_aug.obj)' or at 'M:\year2\graphics programming\source\Debug\vc120.pdb'; linking object as if no debug info
  GraphicsProgramming.vcxproj -> M:\year2\graphics programming\source\Debug\GraphicsProgramming.exe
