\\vmwfil01\homedrives67$\p514846\visual studio 2015\projects\shaders17\e01_colourshader\debug\vc140.pdb
\\vmwfil01\homedrives67$\p514846\visual studio 2015\projects\shaders17\e01_colourshader\debug\vc140.idb
\\vmwfil01\homedrives67$\p514846\visual studio 2015\projects\shaders17\e01_colourshader\debug\main.obj
\\vmwfil01\homedrives67$\p514846\visual studio 2015\projects\shaders17\e01_colourshader\debug\app1.obj
\\vmwfil01\homedrives67$\p514846\visual studio 2015\projects\shaders17\e01_colourshader\debug\colourshader.obj
\\vmwfil01\homedrives67$\p514846\visual studio 2015\projects\shaders17\debug\colour_ps.cso
\\vmwfil01\homedrives67$\p514846\visual studio 2015\projects\shaders17\debug\colour_vs.cso
\\vmwfil01\homedrives67$\p514846\visual studio 2015\projects\shaders17\e01_colourshader\colour_ps.cso
\\vmwfil01\homedrives67$\p514846\visual studio 2015\projects\shaders17\e01_colourshader\colour_vs.cso
\\vmwfil01\homedrives67$\p514846\visual studio 2015\projects\shaders17\e01_colourshader\debug\e01_colourshader.vcxprojresolveassemblyreference.cache
\\vmwfil01\homedrives67$\p514846\visual studio 2015\projects\shaders17\e01_colourshader\debug\vc120.idb
\\vmwfil01\homedrives67$\p514846\visual studio 2015\projects\shaders17\e01_colourshader\debug\vc120.pdb
\\vmwfil01\homedrives67$\p514846\visual studio 2015\projects\shaders17\debug\e01_colourshader.pdb
\\vmwfil01\homedrives67$\p514846\visual studio 2015\projects\shaders17\e01_colourshader\debug\e01_colourshader.tlog\cl.command.1.tlog
\\vmwfil01\homedrives67$\p514846\visual studio 2015\projects\shaders17\e01_colourshader\debug\e01_colourshader.tlog\cl.read.1.tlog
\\vmwfil01\homedrives67$\p514846\visual studio 2015\projects\shaders17\e01_colourshader\debug\e01_colourshader.tlog\cl.write.1.tlog
\\vmwfil01\homedrives67$\p514846\visual studio 2015\projects\shaders17\e01_colourshader\debug\e01_colourshader.tlog\e01_colourshader.write.1u.tlog
\\vmwfil01\homedrives67$\p514846\visual studio 2015\projects\shaders17\e01_colourshader\debug\e01_colourshader.tlog\fxc.command.1.tlog
\\vmwfil01\homedrives67$\p514846\visual studio 2015\projects\shaders17\e01_colourshader\debug\e01_colourshader.tlog\fxc.read.1.tlog
\\vmwfil01\homedrives67$\p514846\visual studio 2015\projects\shaders17\e01_colourshader\debug\e01_colourshader.tlog\fxc.write.1.tlog
\\vmwfil01\homedrives67$\p514846\visual studio 2015\projects\shaders17\e01_colourshader\debug\e01_colourshader.tlog\link.command.1.tlog
\\vmwfil01\homedrives67$\p514846\visual studio 2015\projects\shaders17\e01_colourshader\debug\e01_colourshader.tlog\link.read.1.tlog
\\vmwfil01\homedrives67$\p514846\visual studio 2015\projects\shaders17\e01_colourshader\debug\e01_colourshader.tlog\link.write.1.tlog
