m:\year3\graphics programming with shaders\shaders\dxframework\debug\dxframework.pdb
m:\year3\graphics programming with shaders\shaders\dxframework\debug\dxframework.idb
m:\year3\graphics programming with shaders\shaders\dxframework\debug\d3d.obj
m:\year3\graphics programming with shaders\shaders\dxframework\debug\imgui.obj
m:\year3\graphics programming with shaders\shaders\dxframework\debug\imgui_demo.obj
m:\year3\graphics programming with shaders\shaders\dxframework\debug\imgui_draw.obj
m:\year3\graphics programming with shaders\shaders\dxframework\debug\imgui_impl_dx11.obj
m:\year3\graphics programming with shaders\shaders\dxframework\debug\input.obj
m:\year3\graphics programming with shaders\shaders\dxframework\debug\light.obj
m:\year3\graphics programming with shaders\shaders\dxframework\debug\model.obj
m:\year3\graphics programming with shaders\shaders\dxframework\debug\orthomesh.obj
m:\year3\graphics programming with shaders\shaders\dxframework\debug\planemesh.obj
m:\year3\graphics programming with shaders\shaders\dxframework\debug\pointmesh.obj
m:\year3\graphics programming with shaders\shaders\dxframework\debug\quadmesh.obj
m:\year3\graphics programming with shaders\shaders\dxframework\debug\rendertexture.obj
m:\year3\graphics programming with shaders\shaders\dxframework\debug\spheremesh.obj
m:\year3\graphics programming with shaders\shaders\dxframework\debug\system.obj
m:\year3\graphics programming with shaders\shaders\dxframework\debug\tessellationmesh.obj
m:\year3\graphics programming with shaders\shaders\dxframework\debug\texturemanager.obj
m:\year3\graphics programming with shaders\shaders\dxframework\debug\timer.obj
m:\year3\graphics programming with shaders\shaders\dxframework\debug\tokenstream.obj
m:\year3\graphics programming with shaders\shaders\dxframework\debug\trianglemesh.obj
m:\year3\graphics programming with shaders\shaders\dxframework\debug\baseapplication.obj
m:\year3\graphics programming with shaders\shaders\dxframework\debug\basemesh.obj
m:\year3\graphics programming with shaders\shaders\dxframework\debug\baseshader.obj
m:\year3\graphics programming with shaders\shaders\dxframework\debug\camera.obj
m:\year3\graphics programming with shaders\shaders\dxframework\debug\cubemesh.obj
m:\year3\graphics programming with shaders\shaders\debug\dxframework.lib
m:\year3\graphics programming with shaders\shaders\debug\dxframework.pdb
m:\year3\graphics programming with shaders\shaders\dxframework\debug\dxframework.tlog\cl.command.1.tlog
m:\year3\graphics programming with shaders\shaders\dxframework\debug\dxframework.tlog\cl.read.1.tlog
m:\year3\graphics programming with shaders\shaders\dxframework\debug\dxframework.tlog\cl.write.1.tlog
m:\year3\graphics programming with shaders\shaders\dxframework\debug\dxframework.tlog\lib-link.read.1.tlog
m:\year3\graphics programming with shaders\shaders\dxframework\debug\dxframework.tlog\lib-link.write.1.tlog
m:\year3\graphics programming with shaders\shaders\dxframework\debug\dxframework.tlog\lib.command.1.tlog
